
 ____       ____       ____       ____
/    \     /    \     /    \     /    \
|  #################################  |
\__#_/     \____/     \____/     \_#__/
   #    _        _______  _____    #
   #   (_)      |_   __ \|_   _|   #      -*-     v 2.6.0  -*-
   #   __  ______ | |__) | | |     #
   Y  [  ||______||  ___/  | |     #      A Universal Force Engine
  0 0  | |       _| |_    _| |_    #
   #  [___]     |_____|  |_____|   #
 __#_       ____       ____       _#__
/  # \     /    \     /    \     / #  \
|  #################################  |
\____/     \____/     \____/     \____/

    
 # @simulation: Fetchingffsocket
 # Initializing system object 
 # Initializing simulation object 
 # Initializer (stage 1) parsing positions object.
 # Initializing from file init.xyz. Dimension: length, units: angstrom, cell_units: automatic
 # Interpreting input with dimension length, units angstrom and cell units angstrom
 # Initializer (stage 1) parsing masses object.
 # Initializing from file init.xyz. Dimension: length, units: automatic, cell_units: automatic
 # Interpreting input with dimension length, units angstrom and cell units angstrom
 # Initializer (stage 1) parsing labels object.
 # Initializing from file init.xyz. Dimension: length, units: automatic, cell_units: automatic
 # Interpreting input with dimension length, units angstrom and cell units angstrom
 # Initializer (stage 1) parsing cell object.
 # Initializing from file init.xyz. Dimension: length, units: automatic, cell_units: automatic
 # Interpreting input with dimension length, units angstrom and cell units angstrom
 # Initializing from file init.xyz. Dimension: length, units: automatic, cell_units: automatic
 # Interpreting input with dimension length, units angstrom and cell units angstrom
 # Initializer (stage 1) parsing cell object.
 !W! Overwriting previous cell parameters
 # Initializer (stage 1) parsing velocities object.
 # Resampling velocities at temperature 310.15 kelvin
 # Binding the forces 
 # Initializer (stage 2) parsing positions object.
 # Initializer (stage 2) parsing masses object.
 # Initializer (stage 2) parsing labels object.
 # Initializer (stage 2) parsing cell object.
 # Initializer (stage 2) parsing cell object.
 # Initializer (stage 2) parsing velocities object.
Created unix socket with address 0.050
 @ForceField: Starting the polling thread main loop.
 # i-PI loaded input file:  nvt.xml
 @SOCKET:   Client asked for connection from . Now hand-shaking.
 @SOCKET:   Handshaking was successful. Added to the client list.
 @SOCKET: 25/02/21-13:43:29 Assigning [ none] request id    0 to client with last-id None (  0/  1 : )
 !W!  @SOCKET:   Inconsistent client state in dispatch thread! (III)
 !W!  @SOCKET:   Client  died or got unresponsive(C). Removing from the list.
 @SOCKET:   Client asked for connection from . Now hand-shaking.
 @SOCKET:   Handshaking was successful. Added to the client list.
 @SOCKET: 25/02/21-13:45:09 Assigning [ none] request id    0 to client with last-id None (  0/  1 : )
 @SOCKET: 25/02/21-13:45:10 Assigning [match] request id    0 to client with last-id    0 (  0/  1 : )
 # Average timings at MD step       0. t/step: 5.75992e-01
 @SOCKET: 25/02/21-13:45:11 Assigning [match] request id    0 to client with last-id    0 (  0/  1 : )
 # Average timings at MD step       1. t/step: 7.72796e-01
 @SOCKET: 25/02/21-13:45:11 Assigning [match] request id    0 to client with last-id    0 (  0/  1 : )
 # Average timings at MD step       2. t/step: 6.60512e-01
 @SOCKET: 25/02/21-13:45:12 Assigning [match] request id    0 to client with last-id    0 (  0/  1 : )
 # Average timings at MD step       3. t/step: 6.39009e-01
 @SOCKET: 25/02/21-13:45:13 Assigning [match] request id    0 to client with last-id    0 (  0/  1 : )
 # Average timings at MD step       4. t/step: 8.43959e-01
 @SOCKET: 25/02/21-13:45:13 Assigning [match] request id    0 to client with last-id    0 (  0/  1 : )
 # Average timings at MD step       5. t/step: 8.62340e-01
 @SOCKET: 25/02/21-13:45:14 Assigning [match] request id    0 to client with last-id    0 (  0/  1 : )
 # Average timings at MD step       6. t/step: 8.34896e-01
 @SOCKET: 25/02/21-13:45:15 Assigning [match] request id    0 to client with last-id    0 (  0/  1 : )
 # Average timings at MD step       7. t/step: 6.57871e-01
 @SOCKET: 25/02/21-13:45:16 Assigning [match] request id    0 to client with last-id    0 (  0/  1 : )
 # Average timings at MD step       8. t/step: 5.96912e-01
 @SOCKET: 25/02/21-13:45:16 Assigning [match] request id    0 to client with last-id    0 (  0/  1 : )
 # Average timings at MD step       9. t/step: 4.98436e-01
SOFTEXIT CALLED FROM THREAD <_MainThread(MainThread, started 140084261111616)>  @ SIMULATION: Exiting cleanly.
 !W! Soft exit has been requested with message: ' @ SIMULATION: Exiting cleanly.
I-PI reports success. Restartable as is: NO.'. Cleaning up.
 @SOCKET: Shutting down the driver interface.
SOFTEXIT: Saving the latest status at the end of the step
