# column   1     --> step : The current simulation time step.
# column   2     --> time{femtosecond} : The elapsed simulation time.
# column   3     --> conserved : The value of the conserved energy quantity per bead.
# column   4     --> potential : The physical system potential energy.
# column   5     --> kinetic_cv : The centroid-virial quantum kinetic energy of the physical system.
# column   6     --> pressure_cv : The quantum estimator for pressure of the physical system.
# column   7     --> volume : The volume of the cell box.
# column   8     --> temperature{kelvin} : The current temperature, as obtained from the MD kinetic energy.
# column   9     --> kinetic_md : The kinetic energy of the (extended) classical system.
# column  10     --> pressure_md : The pressure of the (extended) classical system.
    0.00000000e+00     0.00000000e+00    -1.15443302e+02    -1.15452742e+02     8.83968961e-03     7.87123508e-13     6.74833423e+09     3.31245529e+02     7.96765877e-03     7.87123508e-13   
    1.00000000e+00     5.00000000e-01    -1.15443300e+02    -1.15453360e+02     8.83968961e-03     8.27149507e-13     6.74833423e+09     3.45461115e+02     8.37282199e-03     8.27149507e-13   
    2.00000000e+00     1.00000000e+00    -1.15443314e+02    -1.15454289e+02     8.83968961e-03     8.97717329e-13     6.74833423e+09     3.70523900e+02     9.08714487e-03     8.97717329e-13   
    3.00000000e+00     1.50000000e+00    -1.15443334e+02    -1.15455332e+02     8.83968961e-03     1.09217512e-12     6.74833423e+09     4.39587300e+02     1.10555441e-02     1.09217512e-12   
    4.00000000e+00     2.00000000e+00    -1.15443348e+02    -1.15456130e+02     8.83968961e-03     1.16147674e-12     6.74833423e+09     4.64200382e+02     1.17570498e-02     1.16147674e-12   
    5.00000000e+00     2.50000000e+00    -1.15443348e+02    -1.15456380e+02     8.83968961e-03     1.14807272e-12     6.74833423e+09     4.59439828e+02     1.16213677e-02     1.14807272e-12   
    6.00000000e+00     3.00000000e+00    -1.15443336e+02    -1.15456032e+02     8.83968961e-03     1.14047234e-12     6.74833423e+09     4.56740485e+02     1.15444328e-02     1.14047234e-12   
    7.00000000e+00     3.50000000e+00    -1.15443317e+02    -1.15455355e+02     8.83968961e-03     1.07129097e-12     6.74833423e+09     4.32170111e+02     1.08441443e-02     1.07129097e-12   
    8.00000000e+00     4.00000000e+00    -1.15443302e+02    -1.15454700e+02     8.83968961e-03     1.00441419e-12     6.74833423e+09     4.08418233e+02     1.01671840e-02     1.00441419e-12   
    9.00000000e+00     4.50000000e+00    -1.15443296e+02    -1.15454210e+02     8.83968961e-03     9.80193725e-13     6.74833423e+09     3.99816120e+02     9.92201230e-03     9.80193725e-13   
    1.00000000e+01     5.00000000e+00    -1.15443300e+02    -1.15454060e+02     8.83968961e-03     8.40772389e-13     6.74833423e+09     3.50299402e+02     8.51071964e-03     8.40772389e-13   
