
WARN: Even tempered Gaussians are generated as DF auxbasis for  H F0 C N


WARN: len(magmom) != natm. Set magmom to zero

3487 MM charges see directly QM density
converged SCF energy = -64.1685673663345
--------------- QMMMDFRKS gradients ---------------
         x                y                z
0 F0    -0.0188000404     0.0027100066    -0.0149194402
1 C     0.0264738967    -0.0204591344     0.0063583046
2 H    -0.0120682558    -0.0082258329     0.0046388748
3 H    -0.0114759407     0.0187345763     0.0050465144
4 C    -0.0192062356     0.0014874557     0.0180908697
5 H     0.0256775017     0.0122867960    -0.0128117387
6 H     0.0115471083    -0.0095771226     0.0007008637
7 C    -0.0343658156     0.0059419036     0.0240516689
8 H    -0.0012420033    -0.0041417627    -0.0125073388
9 H     0.0076725784    -0.0023700043    -0.0035634118
10 C    -0.0015935252    -0.0120271632    -0.0104619878
11 H    -0.0046848211     0.0047621136     0.0036683128
12 H     0.0149025048     0.0113704508    -0.0044669056
13 N     0.0550723001     0.0298098512    -0.0331646479
14 H    -0.0434451286    -0.0204208311     0.0309184290
15 H     0.0077216470    -0.0076076180     0.0054380460
16 X-H    -0.0059425377     0.0080487331    -0.0008658589
----------------------------------------------
dEdl = -1.1251570740708248

WARN: Even tempered Gaussians are generated as DF auxbasis for  H F0 C N


WARN: len(magmom) != natm. Set magmom to zero

istep = 1 rcut_hcore = 34.015067794420624
2547 MM charges see directly QM density
converged SCF energy = -64.1715319930167
--------------- QMMMDFRKS gradients ---------------
         x                y                z
0 F0    -0.0232667749     0.0075141258    -0.0168745498
1 C     0.0477788536    -0.0095334671    -0.0045067513
2 H    -0.0231873765    -0.0221958295     0.0144569364
3 H    -0.0153138118     0.0152549429     0.0073795267
4 C    -0.0110042602    -0.0049320399     0.0128425173
5 H     0.0201129799     0.0112332238    -0.0103775856
6 H     0.0079127754     0.0008922737     0.0026476345
7 C    -0.0271654310     0.0116497076     0.0264396339
8 H    -0.0082006152    -0.0057007466    -0.0072379139
9 H     0.0084859048    -0.0080869853    -0.0051125224
10 C     0.0010630953    -0.0215353617    -0.0164877661
11 H    -0.0039915761     0.0093832666    -0.0044383586
12 H     0.0120136603     0.0083935152    -0.0006320080
13 N     0.0494619644     0.0230858749    -0.0130519305
14 H    -0.0379644787    -0.0181568542     0.0239717278
15 H    -0.0007959802     0.0030014844    -0.0063321700
16 X-H     0.0001341917     0.0091765583     0.0035069363
----------------------------------------------
dEdl = -1.1361456663191996

WARN: Even tempered Gaussians are generated as DF auxbasis for  H F0 C N


WARN: len(magmom) != natm. Set magmom to zero

2546 MM charges see directly QM density
converged SCF energy = -64.1732686345263
--------------- QMMMDFRKS gradients ---------------
         x                y                z
0 F0    -0.0260860054     0.0103051956    -0.0168998267
1 C     0.0567754420     0.0000549665    -0.0079375017
2 H    -0.0279069216    -0.0287284982     0.0180249195
3 H    -0.0149746339     0.0078960976     0.0060567264
4 C     0.0097964745    -0.0113591740     0.0008257166
5 H     0.0028705206     0.0082636716    -0.0013676126
6 H     0.0027377061     0.0132358754     0.0053048517
7 C    -0.0186640612     0.0158630485     0.0276165894
8 H    -0.0142949024    -0.0067285930    -0.0017615265
9 H     0.0090233297    -0.0125554310    -0.0060028246
10 C     0.0071960737    -0.0265731822    -0.0256995338
11 H    -0.0024358673     0.0106317977    -0.0106097609
12 H     0.0053842755     0.0033182521     0.0039728769
13 N     0.0188374752     0.0110163413     0.0189406801
14 H    -0.0126072966    -0.0076944847     0.0014126362
15 H    -0.0079945511     0.0115575404    -0.0156127223
16 X-H     0.0082833677     0.0100298585     0.0098058937
----------------------------------------------
dEdl = -1.1469955614036889

WARN: Even tempered Gaussians are generated as DF auxbasis for  H F0 C N


WARN: len(magmom) != natm. Set magmom to zero

2544 MM charges see directly QM density
converged SCF energy = -64.1714707126631
--------------- QMMMDFRKS gradients ---------------
         x                y                z
0 F0    -0.0273613846     0.0116734960    -0.0153773937
1 C     0.0482972493     0.0029343666     0.0021007674
2 H    -0.0206086798    -0.0231742092     0.0096000434
3 H    -0.0105477504    -0.0027673890     0.0014167199
4 C     0.0272451234    -0.0134263331    -0.0091531252
5 H    -0.0126517368     0.0041379729     0.0070029148
6 H    -0.0013973789     0.0216591069     0.0072577097
7 C    -0.0107746158     0.0132163962     0.0273930382
8 H    -0.0176646809    -0.0073851486     0.0025283345
9 H     0.0080057294    -0.0104367373    -0.0056408110
10 C     0.0130449549    -0.0281307465    -0.0369993696
11 H    -0.0002083299     0.0071984669    -0.0132172407
12 H    -0.0006313706    -0.0015494663     0.0076417750
13 N    -0.0158738577     0.0117176913     0.0405177263
14 H     0.0108669383     0.0012293470    -0.0187911625
15 H    -0.0106905873     0.0102493325    -0.0181799231
16 X-H     0.0167800038     0.0107610388     0.0175811395
----------------------------------------------
dEdl = -1.1550844901280093

WARN: Even tempered Gaussians are generated as DF auxbasis for  H F0 C N


WARN: len(magmom) != natm. Set magmom to zero

---------------------------------------------
ASPC: predict using 4 points
 B(4) = -0.2
 B(3) = 1.2
 B(2) = -2.8
 B(1) = 2.8
Wall Time: 0.001558542251586914 s
---------------------------------------------
2543 MM charges see directly QM density
converged SCF energy = -64.1664956133286
--------------- QMMMDFRKS gradients ---------------
         x                y                z
0 F0    -0.0275546229     0.0119564878    -0.0123196905
1 C     0.0314054254     0.0026787173     0.0181438866
2 H    -0.0072224931    -0.0114136051    -0.0046061018
3 H    -0.0040100514    -0.0147687863    -0.0053012134
4 C     0.0365265139    -0.0098388245    -0.0145963460
5 H    -0.0237022519    -0.0001664934     0.0130622723
6 H    -0.0031914652     0.0243348955     0.0074283690
7 C    -0.0071961767     0.0050498212     0.0282114251
8 H    -0.0142303684    -0.0078919917     0.0040028238
9 H     0.0055106785    -0.0027064897    -0.0040708324
10 C     0.0158236855    -0.0270526187    -0.0485804014
11 H     0.0031697683     0.0001627032    -0.0126491198
12 H    -0.0042629452    -0.0058245434     0.0097028390
13 N    -0.0441539290     0.0245026974     0.0470108376
14 H     0.0259264031     0.0075421778    -0.0301086681
15 H    -0.0099789065     0.0001917418    -0.0145478026
16 X-H     0.0231533746     0.0110749435     0.0244250497
----------------------------------------------
dEdl = -1.1573780021017712

WARN: Even tempered Gaussians are generated as DF auxbasis for  H F0 C N


WARN: len(magmom) != natm. Set magmom to zero

---------------------------------------------
ASPC: predict using 4 points
 B(4) = -0.2
 B(3) = 1.2
 B(2) = -2.8
 B(1) = 2.8
Wall Time: 0.0004093647003173828 s
---------------------------------------------
2543 MM charges see directly QM density
converged SCF energy = -64.1620741757239
--------------- QMMMDFRKS gradients ---------------
         x                y                z
0 F0    -0.0255931190     0.0101458786    -0.0077052479
1 C     0.0109420285     0.0026444506     0.0324686084
2 H     0.0069875718     0.0018039599    -0.0177971772
3 H     0.0035311570    -0.0250464363    -0.0125602774
4 C     0.0356427002    -0.0006244944    -0.0148892270
5 H    -0.0280250335    -0.0043127009     0.0159400130
6 H    -0.0025683112     0.0197587929     0.0056292263
7 C    -0.0062325163    -0.0037036033     0.0294668757
8 H    -0.0073728197    -0.0078998135     0.0040824799
9 H     0.0027972678     0.0049199346    -0.0029975311
10 C     0.0172079054    -0.0241056726    -0.0568017710
11 H     0.0061668246    -0.0080842262    -0.0107165619
12 H    -0.0065522402    -0.0090112907     0.0100672515
13 N    -0.0553562991     0.0427735437     0.0465951624
14 H     0.0306814558     0.0107066989    -0.0326437326
15 H    -0.0082452660    -0.0113006535    -0.0084594912
16 X-H     0.0225244556     0.0096192174     0.0253296753
----------------------------------------------
dEdl = -1.1564293803437717

WARN: Even tempered Gaussians are generated as DF auxbasis for  H F0 C N


WARN: len(magmom) != natm. Set magmom to zero

---------------------------------------------
ASPC: predict using 4 points
 B(4) = -0.2
 B(3) = 1.2
 B(2) = -2.8
 B(1) = 2.8
Wall Time: 0.00041031837463378906 s
---------------------------------------------
istep = 6 rcut_hcore = 34.015067794420624
2543 MM charges see directly QM density
converged SCF energy = -64.1614214731302
--------------- QMMMDFRKS gradients ---------------
         x                y                z
0 F0    -0.0220910570     0.0071451245    -0.0020755314
1 C    -0.0015734965     0.0016420055     0.0336400493
2 H     0.0162193126     0.0108632711    -0.0245031851
3 H     0.0063061329    -0.0289002603    -0.0139059176
4 C     0.0262771319     0.0137882980    -0.0097745547
5 H    -0.0256717492    -0.0080266914     0.0154113300
6 H    -0.0003509887     0.0094545973     0.0023203212
7 C    -0.0078617569    -0.0117683890     0.0307908525
8 H     0.0015015002    -0.0071358162     0.0027740010
9 H     0.0007677830     0.0109816866    -0.0019822216
10 C     0.0136821233    -0.0195545642    -0.0608572920
11 H     0.0090058521    -0.0175272694    -0.0071055217
12 H    -0.0044081979    -0.0098889969     0.0077446254
13 N    -0.0522822141     0.0602985178     0.0397136180
14 H     0.0266833917     0.0111123158    -0.0276409600
15 H    -0.0060834973    -0.0206163084    -0.0015952368
16 X-H     0.0173265600     0.0072840131     0.0222511794
----------------------------------------------
dEdl = -1.1530216577466557

WARN: Even tempered Gaussians are generated as DF auxbasis for  H F0 C N


WARN: len(magmom) != natm. Set magmom to zero

---------------------------------------------
ASPC: predict using 4 points
 B(4) = -0.2
 B(3) = 1.2
 B(2) = -2.8
 B(1) = 2.8
Wall Time: 0.0003867149353027344 s
---------------------------------------------
2545 MM charges see directly QM density
converged SCF energy = -64.1644017589982
--------------- QMMMDFRKS gradients ---------------
         x                y                z
0 F0    -0.0174751064     0.0032112765     0.0035611061
1 C    -0.0055890203    -0.0020289531     0.0226158040
2 H     0.0214491971     0.0163743339    -0.0262663596
3 H     0.0030077994    -0.0252358065    -0.0074148059
4 C     0.0103996830     0.0284470792    -0.0002724023
5 H    -0.0168926329    -0.0102842048     0.0113653127
6 H     0.0024122811    -0.0034867119    -0.0017465950
7 C    -0.0092809228    -0.0189998822     0.0298948109
8 H     0.0105018180    -0.0062793297     0.0016332443
9 H    -0.0016003449     0.0167122208    -0.0009255498
10 C     0.0057192133    -0.0170214607    -0.0573536733
11 H     0.0106378417    -0.0241836199    -0.0043281032
12 H     0.0018216513    -0.0083082991     0.0024357565
13 N    -0.0318097049     0.0743574754     0.0269801626
14 H     0.0115072807     0.0064043238    -0.0134127590
15 H    -0.0039356066    -0.0235809153     0.0037086118
16 X-H     0.0080103301     0.0041278559     0.0155209583
----------------------------------------------
dEdl = -1.1493418480981725

WARN: Even tempered Gaussians are generated as DF auxbasis for  H F0 C N


WARN: len(magmom) != natm. Set magmom to zero

---------------------------------------------
ASPC: predict using 4 points
 B(4) = -0.2
 B(3) = 1.2
 B(2) = -2.8
 B(1) = 2.8
Wall Time: 0.00038933753967285156 s
---------------------------------------------
2548 MM charges see directly QM density
converged SCF energy = -64.1675713761903
--------------- QMMMDFRKS gradients ---------------
         x                y                z
0 F0    -0.0128378597    -0.0011195373     0.0085538100
1 C    -0.0018739933    -0.0058373771     0.0031470089
2 H     0.0212376385     0.0175405489    -0.0231706164
3 H    -0.0035724935    -0.0168820730     0.0035879119
4 C    -0.0088817148     0.0365323910     0.0124037296
5 H    -0.0026101827    -0.0106522019     0.0044744195
6 H     0.0033166425    -0.0119552621    -0.0050880957
7 C    -0.0095971644    -0.0219574887     0.0268750420
8 H     0.0169690505    -0.0046253046     0.0006138562
9 H    -0.0026349072     0.0178317837    -0.0004296046
10 C    -0.0019910598    -0.0198805075    -0.0458239992
11 H     0.0102670347    -0.0232531664    -0.0062755557
12 H     0.0091252076    -0.0055489949    -0.0032136385
13 N     0.0021239418     0.0826352051     0.0071662134
14 H    -0.0148830326    -0.0033062988     0.0095246555
15 H    -0.0031205433    -0.0193437342     0.0054316199
16 X-H    -0.0004478464     0.0009131000     0.0095358194
----------------------------------------------
dEdl = -1.1463767427368334

WARN: Even tempered Gaussians are generated as DF auxbasis for  H F0 C N


WARN: len(magmom) != natm. Set magmom to zero

---------------------------------------------
ASPC: predict using 4 points
 B(4) = -0.2
 B(3) = 1.2
 B(2) = -2.8
 B(1) = 2.8
Wall Time: 0.00039958953857421875 s
---------------------------------------------
2548 MM charges see directly QM density
converged SCF energy = -64.1691380577948
--------------- QMMMDFRKS gradients ---------------
         x                y                z
0 F0    -0.0088145805    -0.0050089003     0.0120959129
1 C     0.0071911538    -0.0045838498    -0.0175960264
2 H     0.0151617886     0.0133411100    -0.0146397923
3 H    -0.0089505518    -0.0083906915     0.0127590656
4 C    -0.0300282068     0.0370851236     0.0259379402
5 H     0.0154532417    -0.0087441215    -0.0050671340
6 H     0.0025151706    -0.0154937631    -0.0073788784
7 C    -0.0091314077    -0.0192954384     0.0225411479
8 H     0.0196318744    -0.0030291692     0.0005276963
9 H    -0.0019775640     0.0134520236    -0.0006065948
10 C    -0.0067669716    -0.0242900575    -0.0314481827
11 H     0.0086993639    -0.0189881483    -0.0098318800
12 H     0.0157749621    -0.0027132944    -0.0086541360
13 N     0.0290554174     0.0772934043    -0.0070238726
14 H    -0.0371176548    -0.0123788826     0.0284623704
15 H    -0.0034540501    -0.0067115813     0.0029719971
16 X-H    -0.0047510802     0.0000475680     0.0057418889
----------------------------------------------
dEdl = -1.1414664966544503

WARN: Even tempered Gaussians are generated as DF auxbasis for  H F0 C N


WARN: len(magmom) != natm. Set magmom to zero

---------------------------------------------
ASPC: predict using 4 points
 B(4) = -0.2
 B(3) = 1.2
 B(2) = -2.8
 B(1) = 2.8
Wall Time: 0.0009315013885498047 s
---------------------------------------------
2548 MM charges see directly QM density
converged SCF energy = -64.1707017975033
--------------- QMMMDFRKS gradients ---------------
         x                y                z
0 F0    -0.0057818260    -0.0081750483     0.0146669503
1 C     0.0203615753     0.0014644355    -0.0369969737
2 H     0.0032479823     0.0044945583    -0.0018787078
3 H    -0.0114069283    -0.0012918556     0.0179513461
4 C    -0.0484508523     0.0314021158     0.0359271628
5 H     0.0320888617    -0.0062546770    -0.0142008637
6 H     0.0001243110    -0.0127554397    -0.0076395729
7 C    -0.0053836010    -0.0136399047     0.0178747202
8 H     0.0176699117    -0.0015101877     0.0016293589
9 H    -0.0003769000     0.0059487333    -0.0014684667
10 C    -0.0069921787    -0.0292638010    -0.0168774332
11 H     0.0055144922    -0.0113254711    -0.0147009517
12 H     0.0188233066    -0.0006356811    -0.0123611008
13 N     0.0305528732     0.0517616020    -0.0014818939
14 H    -0.0344818058    -0.0113591669     0.0294391665
15 H    -0.0058668544     0.0116793509    -0.0041465428
16 X-H    -0.0054441021     0.0011810185     0.0043406440
----------------------------------------------
dEdl = -1.135668397200574

WARN: Even tempered Gaussians are generated as DF auxbasis for  H F0 C N


WARN: len(magmom) != natm. Set magmom to zero

---------------------------------------------
ASPC: predict using 4 points
 B(4) = -0.2
 B(3) = 1.2
 B(2) = -2.8
 B(1) = 2.8
Wall Time: 0.0003974437713623047 s
---------------------------------------------
istep = 11 rcut_hcore = 34.015067794420624
2549 MM charges see directly QM density
converged SCF energy = -64.1710424750485
--------------- QMMMDFRKS gradients ---------------
         x                y                z
0 F0    -0.0033620680    -0.0111101907     0.0168667718
1 C     0.0338163589     0.0123554665    -0.0541904351
2 H    -0.0127148684    -0.0077854777     0.0136522205
3 H    -0.0100791809     0.0040534463     0.0191245092
4 C    -0.0524460538     0.0229545534     0.0355021488
5 H     0.0359946092    -0.0061341048    -0.0155253247
6 H    -0.0032945827    -0.0045981034    -0.0063811680
7 C     0.0002128164    -0.0063565036     0.0125144167
8 H     0.0120272294    -0.0001195724     0.0035548857
9 H     0.0021875626    -0.0035369934    -0.0028021459
10 C    -0.0031179863    -0.0315365300    -0.0040172612
11 H     0.0017474906    -0.0029100142    -0.0180656463
12 H     0.0179841689     0.0000619070    -0.0145264836
13 N     0.0081505133     0.0159243077     0.0166860970
14 H    -0.0098885242    -0.0006526633     0.0167066571
15 H    -0.0080953845     0.0283791846    -0.0121875119
16 X-H    -0.0033495676     0.0026044840     0.0039389521
----------------------------------------------
dEdl = -1.1316273305420663

WARN: Even tempered Gaussians are generated as DF auxbasis for  H F0 C N


WARN: len(magmom) != natm. Set magmom to zero

---------------------------------------------
ASPC: predict using 4 points
 B(4) = -0.2
 B(3) = 1.2
 B(2) = -2.8
 B(1) = 2.8
Wall Time: 0.00039076805114746094 s
---------------------------------------------
2549 MM charges see directly QM density
converged SCF energy = -64.1690449335095
--------------- QMMMDFRKS gradients ---------------
         x                y                z
0 F0    -0.0015894840    -0.0135585433     0.0185353257
1 C     0.0418730916     0.0241446233    -0.0627578777
2 H    -0.0269060717    -0.0184626291     0.0265556584
3 H    -0.0052557984     0.0055451105     0.0146772049
4 C    -0.0399376003     0.0149143245     0.0238782868
5 H     0.0244476429    -0.0092985637    -0.0070054282
6 H    -0.0070853242     0.0074942411    -0.0039690280
7 C     0.0121421880    -0.0014893786     0.0059301749
8 H     0.0003509441     0.0010481821     0.0069032351
9 H     0.0045092005    -0.0104045638    -0.0036629398
10 C     0.0045610799    -0.0275523537     0.0009109011
11 H    -0.0011836587     0.0016722533    -0.0163714625
12 H     0.0109646595    -0.0011094045    -0.0141931185
13 N    -0.0214096127    -0.0079325123     0.0263586543
14 H     0.0165783262     0.0117924690     0.0026058845
15 H    -0.0059195155     0.0308316363    -0.0118900497
16 X-H     0.0005719480     0.0037996232     0.0043285949
----------------------------------------------
dEdl = -1.1318868853373043

WARN: Even tempered Gaussians are generated as DF auxbasis for  H F0 C N


WARN: len(magmom) != natm. Set magmom to zero

---------------------------------------------
ASPC: predict using 4 points
 B(4) = -0.2
 B(3) = 1.2
 B(2) = -2.8
 B(1) = 2.8
Wall Time: 0.0004248619079589844 s
---------------------------------------------
2548 MM charges see directly QM density
converged SCF energy = -64.1659428557995
--------------- QMMMDFRKS gradients ---------------
         x                y                z
0 F0    -0.0005393347    -0.0153537032     0.0197643116
1 C     0.0352179634     0.0279710915    -0.0539047686
2 H    -0.0298322185    -0.0169856419     0.0292297013
3 H     0.0034876407     0.0016082088     0.0037054833
4 C    -0.0222685561     0.0076669899     0.0079352318
5 H     0.0070765661    -0.0126745630     0.0051980503
6 H    -0.0097980022     0.0192676525    -0.0015373561
7 C     0.0209095899     0.0018521368     0.0006218647
8 H    -0.0086388389     0.0020667403     0.0092394054
9 H     0.0063254485    -0.0156497641    -0.0047402976
10 C     0.0126079014    -0.0217521925     0.0027206565
11 H    -0.0036413508     0.0056725561    -0.0126270839
12 H     0.0023803739    -0.0024579204    -0.0124481789
13 N    -0.0433950937    -0.0140763698     0.0220410629
14 H     0.0317159686     0.0188281212    -0.0053838141
15 H     0.0015457552     0.0213732403    -0.0037913415
16 X-H     0.0039623056     0.0039552620     0.0041269633
----------------------------------------------
dEdl = -1.133850545250319

WARN: Even tempered Gaussians are generated as DF auxbasis for  H F0 C N


WARN: len(magmom) != natm. Set magmom to zero

---------------------------------------------
ASPC: predict using 4 points
 B(4) = -0.2
 B(3) = 1.2
 B(2) = -2.8
 B(1) = 2.8
Wall Time: 0.00040531158447265625 s
---------------------------------------------
2542 MM charges see directly QM density
converged SCF energy = -64.1637446389531
--------------- QMMMDFRKS gradients ---------------
         x                y                z
0 F0    -0.0001000520    -0.0162916313     0.0204142261
1 C     0.0188435676     0.0211983421    -0.0339910793
2 H    -0.0219366453    -0.0042678323     0.0221931674
3 H     0.0116881530    -0.0042291223    -0.0077012995
4 C    -0.0080291192     0.0022031563    -0.0060402444
5 H    -0.0082750943    -0.0139254969     0.0159458737
6 H    -0.0100832571     0.0264208527     0.0000535207
7 C     0.0277726257     0.0017113524    -0.0052937922
8 H    -0.0152516047     0.0024960701     0.0113790019
9 H     0.0063407109    -0.0158080406    -0.0052285923
10 C     0.0174749683    -0.0128524244     0.0010362272
11 H    -0.0042632303     0.0055229579    -0.0055629437
12 H    -0.0055007393    -0.0031252591    -0.0103474990
13 N    -0.0520198385    -0.0072013893     0.0121324037
14 H     0.0351063438     0.0204854410    -0.0082052409
15 H     0.0108046701     0.0069547449     0.0072991600
16 X-H     0.0045171928     0.0022098387     0.0008909597
----------------------------------------------
dEdl = -1.1322036832291964

WARN: Even tempered Gaussians are generated as DF auxbasis for  H F0 C N


WARN: len(magmom) != natm. Set magmom to zero

---------------------------------------------
ASPC: predict using 4 points
 B(4) = -0.2
 B(3) = 1.2
 B(2) = -2.8
 B(1) = 2.8
Wall Time: 0.0004138946533203125 s
---------------------------------------------
2542 MM charges see directly QM density
converged SCF energy = -64.1635607763676
--------------- QMMMDFRKS gradients ---------------
         x                y                z
0 F0     0.0002311680    -0.0166998556     0.0204872090
1 C    -0.0011669600     0.0090481537    -0.0088563471
2 H    -0.0080688576     0.0139133095     0.0094414766
3 H     0.0181289009    -0.0103668100    -0.0175130117
4 C    -0.0024608974     0.0007404824    -0.0145888440
5 H    -0.0178245806    -0.0127007337     0.0224254355
6 H    -0.0074658473     0.0258709544    -0.0001590932
7 C     0.0301037767    -0.0048121000    -0.0090748745
8 H    -0.0161423927     0.0033472395     0.0110208864
9 H     0.0040864943    -0.0092622867    -0.0048742037
10 C     0.0185102525    -0.0009699602    -0.0027368604
11 H    -0.0035109556     0.0007375513     0.0040783903
12 H    -0.0117333175    -0.0022619753    -0.0083398965
13 N    -0.0430057863     0.0046380179     0.0025498841
14 H     0.0273750947     0.0157601111    -0.0057130004
15 H     0.0165541930    -0.0039471482     0.0138574174
16 X-H     0.0030457255    -0.0016582506    -0.0042045518
----------------------------------------------
dEdl = -1.1253007804253983

WARN: Even tempered Gaussians are generated as DF auxbasis for  H F0 C N


WARN: len(magmom) != natm. Set magmom to zero

---------------------------------------------
ASPC: predict using 4 points
 B(4) = -0.2
 B(3) = 1.2
 B(2) = -2.8
 B(1) = 2.8
Wall Time: 0.016901731491088867 s
---------------------------------------------
istep = 16 rcut_hcore = 34.015067794420624
2540 MM charges see directly QM density
converged SCF energy = -64.1645003353605
--------------- QMMMDFRKS gradients ---------------
         x                y                z
0 F0     0.0002541128    -0.0162778138     0.0197279467
1 C    -0.0127611118    -0.0025494877     0.0073886345
2 H     0.0016275706     0.0257573918    -0.0005966457
3 H     0.0199284178    -0.0117288473    -0.0204977331
4 C    -0.0019972546     0.0044851525    -0.0173986593
5 H    -0.0229051737    -0.0098892877     0.0250671949
6 H    -0.0024731143     0.0182138419    -0.0018585984
7 C     0.0246957444    -0.0155225235    -0.0107509835
8 H    -0.0089523570     0.0045300997     0.0077889008
9 H    -0.0001293606     0.0010176036    -0.0036980043
10 C     0.0150268587     0.0101732220    -0.0054819213
11 H    -0.0028595408    -0.0039751362     0.0130650206
12 H    -0.0141208038     0.0004148460    -0.0068910284
13 N    -0.0170052153     0.0192871099    -0.0080293517
14 H     0.0072306458     0.0037759151     0.0037117913
15 H     0.0194297399    -0.0107374306     0.0154217799
16 X-H     0.0009108238    -0.0058761001    -0.0103998012
----------------------------------------------
dEdl = -1.1160684648258692

WARN: Even tempered Gaussians are generated as DF auxbasis for  H F0 C N


WARN: len(magmom) != natm. Set magmom to zero

---------------------------------------------
ASPC: predict using 4 points
 B(4) = -0.2
 B(3) = 1.2
 B(2) = -2.8
 B(1) = 2.8
Wall Time: 0.0005471706390380859 s
---------------------------------------------
2541 MM charges see directly QM density
converged SCF energy = -64.1652743700515
--------------- QMMMDFRKS gradients ---------------
         x                y                z
0 F0     0.0000507678    -0.0157089274     0.0186378449
1 C    -0.0146020616    -0.0133133648     0.0140634877
2 H     0.0065844880     0.0306796041    -0.0080710166
3 H     0.0165559379    -0.0070907961    -0.0157168469
4 C    -0.0103731263     0.0118095588    -0.0143955803
5 H    -0.0202606090    -0.0054199975     0.0225766980
6 H     0.0043847994     0.0052488898    -0.0045569355
7 C     0.0137202849    -0.0237487862    -0.0101709490
8 H     0.0019812011     0.0059889430     0.0024642425
9 H    -0.0036123224     0.0083287322    -0.0024569558
10 C     0.0067797922     0.0174661772    -0.0055846156
11 H    -0.0021282300    -0.0082033057     0.0203928933
12 H    -0.0110120841     0.0052428623    -0.0069408117
13 N     0.0163423925     0.0305569080    -0.0198050043
14 H    -0.0181725827    -0.0104721945     0.0163810232
15 H     0.0175354752    -0.0124582949     0.0128341736
16 X-H     0.0009573792    -0.0083578613    -0.0139302156
----------------------------------------------
dEdl = -1.1109202027509049

WARN: Even tempered Gaussians are generated as DF auxbasis for  H F0 C N


WARN: len(magmom) != natm. Set magmom to zero

---------------------------------------------
ASPC: predict using 4 points
 B(4) = -0.2
 B(3) = 1.2
 B(2) = -2.8
 B(1) = 2.8
Wall Time: 0.0003802776336669922 s
---------------------------------------------
2546 MM charges see directly QM density
converged SCF energy = -64.1656256643203
--------------- QMMMDFRKS gradients ---------------
         x                y                z
0 F0    -0.0000892356    -0.0152609683     0.0170737839
1 C    -0.0092249312    -0.0223466913     0.0131185596
2 H     0.0076912203     0.0297731386    -0.0123464365
3 H     0.0094378419     0.0018480149    -0.0063874737
4 C    -0.0208054118     0.0159578496    -0.0093060115
5 H    -0.0134416082    -0.0010751123     0.0173863721
6 H     0.0095600214    -0.0050786383    -0.0058453215
7 C     0.0034284833    -0.0279126430    -0.0093844732
8 H     0.0110305065     0.0070960112    -0.0028082512
9 H    -0.0061362982     0.0125915677    -0.0015591925
10 C    -0.0052364975     0.0176488878    -0.0007566397
11 H    -0.0025210002    -0.0082288270     0.0239519850
12 H    -0.0030506913     0.0118731923    -0.0084939975
13 N     0.0439658023     0.0296057381    -0.0212949945
14 H    -0.0336128416    -0.0194381335     0.0234567376
15 H     0.0107910804    -0.0072942281     0.0049489899
16 X-H     0.0017073646    -0.0102202254    -0.0161843714
----------------------------------------------
dEdl = -1.10956250652484

WARN: Even tempered Gaussians are generated as DF auxbasis for  H F0 C N


WARN: len(magmom) != natm. Set magmom to zero

---------------------------------------------
ASPC: predict using 4 points
 B(4) = -0.2
 B(3) = 1.2
 B(2) = -2.8
 B(1) = 2.8
Wall Time: 0.0004062652587890625 s
---------------------------------------------
2544 MM charges see directly QM density
converged SCF energy = -64.1661157669846
--------------- QMMMDFRKS gradients ---------------
         x                y                z
0 F0    -0.0002025967    -0.0147712140     0.0147764244
1 C    -0.0003458099    -0.0255648895     0.0096524008
2 H     0.0062950931     0.0236419595    -0.0141337420
3 H     0.0012147792     0.0105745412     0.0035090387
4 C    -0.0316476656     0.0138981616    -0.0028878384
5 H    -0.0030583062     0.0027490683     0.0094871866
6 H     0.0120278355    -0.0090485458    -0.0053526071
7 C    -0.0042982899    -0.0263212213    -0.0099647847
8 H     0.0158125405     0.0072940250    -0.0063647628
9 H    -0.0070857918     0.0120729140    -0.0009685533
10 C    -0.0162972152     0.0117619268     0.0075786446
11 H    -0.0043329662    -0.0033835042     0.0235098487
12 H     0.0062537393     0.0183116441    -0.0106296723
13 N     0.0522589223     0.0146745707    -0.0090930965
14 H    -0.0309030786    -0.0181306952     0.0175056618
15 H     0.0016253912     0.0015174879    -0.0049046862
16 X-H     0.0046754006    -0.0109644965    -0.0160956262
----------------------------------------------
dEdl = -1.1111946266577148

WARN: Even tempered Gaussians are generated as DF auxbasis for  H F0 C N


WARN: len(magmom) != natm. Set magmom to zero

---------------------------------------------
ASPC: predict using 4 points
 B(4) = -0.2
 B(3) = 1.2
 B(2) = -2.8
 B(1) = 2.8
Wall Time: 0.0003993511199951172 s
---------------------------------------------
2544 MM charges see directly QM density
converged SCF energy = -64.1663954283774
--------------- QMMMDFRKS gradients ---------------
         x                y                z
0 F0    -0.0003598047    -0.0140495907     0.0122026351
1 C     0.0113500518    -0.0214347167     0.0021333154
2 H     0.0003704754     0.0119299499    -0.0106541522
3 H    -0.0060538050     0.0173013839     0.0121376236
4 C    -0.0399203553     0.0095099864     0.0031260353
5 H     0.0087321297     0.0052604733     0.0007626386
6 H     0.0122260967    -0.0093308460    -0.0035847005
7 C    -0.0116073105    -0.0197187429    -0.0112637205
8 H     0.0169819206     0.0064630107    -0.0081594663
9 H    -0.0061878525     0.0077173333    -0.0010609859
10 C    -0.0212706703     0.0025775700     0.0179367396
11 H    -0.0070269427     0.0069456681     0.0185648915
12 H     0.0122989827     0.0215793611    -0.0112628164
13 N     0.0401817108    -0.0123541134     0.0108532814
14 H    -0.0130960834    -0.0084657030    -0.0001707977
15 H    -0.0074791154     0.0120237375    -0.0151373950
16 X-H     0.0110201636    -0.0086937476    -0.0106759348
----------------------------------------------
dEdl = -1.1167552679438755
