# column   1     --> step : The current simulation time step.
# column   2     --> time{femtosecond} : The elapsed simulation time.
# column   3     --> conserved : The value of the conserved energy quantity per bead.
# column   4     --> potential : The physical system potential energy.
# column   5     --> kinetic_cv : The centroid-virial quantum kinetic energy of the physical system.
# column   6     --> pressure_cv : The quantum estimator for pressure of the physical system.
# column   7     --> volume : The volume of the cell box.
# column   8     --> temperature{kelvin} : The current temperature, as obtained from the MD kinetic energy.
# column   9     --> kinetic_md : The kinetic energy of the (extended) classical system.
# column  10     --> pressure_md : The pressure of the (extended) classical system.
    0.00000000e+00     0.00000000e+00    -1.05709170e+02    -1.21436106e+02     1.57702659e+01     2.16242833e-06     7.21686160e+05     2.97356012e+02     1.57268526e+01     2.16242833e-06   
    1.00000000e+00     1.00000000e+00    -1.05720545e+02    -1.21532506e+02     1.57702659e+01     2.22647976e-06     7.21686160e+05     2.98693431e+02     1.57975937e+01     2.22647976e-06   
    2.00000000e+00     2.00000000e+00    -1.05715698e+02    -1.21470977e+02     1.57702659e+01     1.26882151e-06     7.21686160e+05     2.97311237e+02     1.57244843e+01     1.26882151e-06   
    3.00000000e+00     3.00000000e+00    -1.05703889e+02    -1.21346341e+02     1.57702659e+01    -1.75742313e-07     7.21686160e+05     2.95060072e+02     1.56054117e+01    -1.75742313e-07   
    4.00000000e+00     4.00000000e+00    -1.05701640e+02    -1.21315102e+02     1.57702659e+01    -1.63744916e-06     7.21686160e+05     2.94835088e+02     1.55935115e+01    -1.63744916e-06   
    5.00000000e+00     5.00000000e+00    -1.05711114e+02    -1.21404495e+02     1.57702659e+01    -2.40795448e-06     7.21686160e+05     2.97144126e+02     1.57156452e+01    -2.40795448e-06   
    6.00000000e+00     6.00000000e+00    -1.05718844e+02    -1.21483362e+02     1.57702659e+01    -2.35292724e-06     7.21686160e+05     2.98061776e+02     1.57641831e+01    -2.35292724e-06   
    7.00000000e+00     7.00000000e+00    -1.05712931e+02    -1.21438482e+02     1.57702659e+01    -1.71936031e-06     7.21686160e+05     2.97741329e+02     1.57472334e+01    -1.71936031e-06   
    8.00000000e+00     8.00000000e+00    -1.05701066e+02    -1.21339008e+02     1.57702659e+01    -7.00643490e-07     7.21686160e+05     2.95442831e+02     1.56256573e+01    -7.00643490e-07   
    9.00000000e+00     9.00000000e+00    -1.05702099e+02    -1.21365924e+02     1.57702659e+01     5.16109106e-07     7.21686160e+05     2.95969144e+02     1.56534960e+01     5.16109106e-07   
    1.00000000e+01     1.00000000e+01    -1.05715311e+02    -1.21506563e+02     1.57702659e+01     1.28556210e-06     7.21686160e+05     2.98051478e+02     1.57636384e+01     1.28556210e-06   
    1.10000000e+01     1.10000000e+01    -1.05721985e+02    -1.21575296e+02     1.57702659e+01     1.31785859e-06     7.21686160e+05     2.99794991e+02     1.58558593e+01     1.31785859e-06   
    1.20000000e+01     1.20000000e+01    -1.05711293e+02    -1.21466730e+02     1.57702659e+01     6.25771347e-07     7.21686160e+05     2.98545759e+02     1.57897827e+01     6.25771347e-07   
    1.30000000e+01     1.30000000e+01    -1.05698017e+02    -1.21321382e+02     1.57702659e+01    -8.55710468e-07     7.21686160e+05     2.95534729e+02     1.56305182e+01    -8.55710468e-07   
    1.40000000e+01     1.40000000e+01    -1.05701727e+02    -1.21337118e+02     1.57702659e+01    -1.99060439e-06     7.21686160e+05     2.95674961e+02     1.56379355e+01    -1.99060439e-06   
    1.50000000e+01     1.50000000e+01    -1.05717621e+02    -1.21472295e+02     1.57702659e+01    -2.50929306e-06     7.21686160e+05     2.97630021e+02     1.57413460e+01    -2.50929306e-06   
    1.60000000e+01     1.60000000e+01    -1.05721271e+02    -1.21489069e+02     1.57702659e+01    -2.30044180e-06     7.21686160e+05     2.97996345e+02     1.57607222e+01    -2.30044180e-06   
    1.70000000e+01     1.70000000e+01    -1.05707027e+02    -1.21334077e+02     1.57702659e+01    -1.88915840e-06     7.21686160e+05     2.95556859e+02     1.56316887e+01    -1.88915840e-06   
    1.80000000e+01     1.80000000e+01    -1.05693310e+02    -1.21194229e+02     1.57702659e+01    -9.68715778e-07     7.21686160e+05     2.93692715e+02     1.55330871e+01    -9.68715778e-07   
    1.90000000e+01     1.90000000e+01    -1.05698250e+02    -1.21247235e+02     1.57702659e+01     1.38936981e-07     7.21686160e+05     2.94403787e+02     1.55706984e+01     1.38936981e-07   
    2.00000000e+01     2.00000000e+01    -1.05715595e+02    -1.21428461e+02     1.57702659e+01     9.48114132e-07     7.21686160e+05     2.97755894e+02     1.57480039e+01     9.48114132e-07   
