
WARN: Even tempered Gaussians are generated as DF auxbasis for  F0 C H N


WARN: len(magmom) != natm. Set magmom to zero

3477 MM charges see directly QM density
converged SCF energy = -64.1714579640666
--------------- QMMMDFRKS gradients ---------------
         x                y                z
0 F0    -0.0273391905     0.0116734702    -0.0154005856
1 C     0.0482637213     0.0029361715     0.0021221170
2 H    -0.0206023020    -0.0231821990     0.0096045356
3 H    -0.0105473650    -0.0027601564     0.0014132997
4 C     0.0272543536    -0.0134451886    -0.0091439154
5 H    -0.0126530313     0.0041479508     0.0069982185
6 H    -0.0014043147     0.0216576027     0.0072531719
7 C    -0.0107628837     0.0132170294     0.0273962882
8 H    -0.0176635266    -0.0073779089     0.0025259980
9 H     0.0080009516    -0.0104369803    -0.0056395838
10 C     0.0130422428    -0.0281273826    -0.0370025253
11 H    -0.0002113586     0.0072020824    -0.0132102090
12 H    -0.0006268049    -0.0015526739     0.0076424733
13 N    -0.0158782909     0.0117161163     0.0405162742
14 H     0.0108693172     0.0012266442    -0.0187924425
15 H    -0.0106919604     0.0102504805    -0.0181791873
16 X-H     0.0167807576     0.0107588559     0.0175806320
----------------------------------------------
dEdl = -1.1550890111431495

WARN: Even tempered Gaussians are generated as DF auxbasis for  F0 C H N


WARN: len(magmom) != natm. Set magmom to zero

istep = 1 rcut_hcore = 34.015067794420624
2543 MM charges see directly QM density
converged SCF energy = -64.1664928164983
--------------- QMMMDFRKS gradients ---------------
         x                y                z
0 F0    -0.0275573728     0.0119570989    -0.0123166931
1 C     0.0314405129     0.0026603758     0.0181140458
2 H    -0.0072330060    -0.0114170714    -0.0046006434
3 H    -0.0040289752    -0.0147508558    -0.0052799948
4 C     0.0365270885    -0.0098283399    -0.0146041531
5 H    -0.0237083139    -0.0001701297     0.0130674878
6 H    -0.0031890001     0.0243314168     0.0074299037
7 C    -0.0071953766     0.0050506098     0.0282101247
8 H    -0.0142322927    -0.0078928048     0.0040051504
9 H     0.0055111096    -0.0027071132    -0.0040708592
10 C     0.0158203202    -0.0270667747    -0.0485661257
11 H     0.0031679217     0.0001703856    -0.0126601221
12 H    -0.0042567774    -0.0058207713     0.0097002956
13 N    -0.0441448616     0.0245025002     0.0470247791
14 H     0.0259296418     0.0075440321    -0.0301114899
15 H    -0.0099799747     0.0001965802    -0.0145497747
16 X-H     0.0231423880     0.0110718595     0.0244160301
----------------------------------------------
dEdl = -1.1573791840510161

WARN: Even tempered Gaussians are generated as DF auxbasis for  F0 C H N


WARN: len(magmom) != natm. Set magmom to zero

2543 MM charges see directly QM density
converged SCF energy = -64.1620718905435
--------------- QMMMDFRKS gradients ---------------
         x                y                z
0 F0    -0.0255975491     0.0101459439    -0.0077016354
1 C     0.0109832140     0.0026207372     0.0324363356
2 H     0.0069764205     0.0018039304    -0.0177938045
3 H     0.0035096396    -0.0250266216    -0.0125356561
4 C     0.0356415773    -0.0006114191    -0.0148992763
5 H    -0.0280313835    -0.0043179670     0.0159463271
6 H    -0.0025652452     0.0197550312     0.0056315501
7 C    -0.0062324412    -0.0037020198     0.0294657511
8 H    -0.0073746121    -0.0079011497     0.0040853784
9 H     0.0027980804     0.0049188569    -0.0029976039
10 C     0.0172058368    -0.0241218512    -0.0567847512
11 H     0.0061648363    -0.0080761272    -0.0107299910
12 H    -0.0065467634    -0.0090071247     0.0100649973
13 N    -0.0553486520     0.0427756273     0.0466065587
14 H     0.0306844509     0.0107088188    -0.0326463555
15 H    -0.0082456444    -0.0112975652    -0.0084604270
16 X-H     0.0225142598     0.0096167628     0.0253215386
----------------------------------------------
dEdl = -1.1564295622257044

WARN: Even tempered Gaussians are generated as DF auxbasis for  F0 C H N


WARN: len(magmom) != natm. Set magmom to zero

2543 MM charges see directly QM density
converged SCF energy = -64.161417026644
--------------- QMMMDFRKS gradients ---------------
         x                y                z
0 F0    -0.0220967782     0.0071448732    -0.0020707774
1 C    -0.0015380184     0.0016229891     0.0336176085
2 H     0.0162088784     0.0108669210    -0.0245025179
3 H     0.0062921716    -0.0288890464    -0.0138900164
4 C     0.0262742957     0.0138014272    -0.0097863253
5 H    -0.0256777277    -0.0080330802     0.0154181055
6 H    -0.0003478085     0.0094524740     0.0023238071
7 C    -0.0078631381    -0.0117664945     0.0307900646
8 H     0.0015005784    -0.0071378152     0.0027771265
9 H     0.0007688677     0.0109809403    -0.0019822649
10 C     0.0136824735    -0.0195683337    -0.0608428484
11 H     0.0090046123    -0.0175224834    -0.0071175193
12 H    -0.0044052389    -0.0098854147     0.0077436199
13 N    -0.0522804655     0.0603019830     0.0397174933
14 H     0.0266853424     0.0111142569    -0.0276425440
15 H    -0.0060830605    -0.0206154933    -0.0015950085
16 X-H     0.0173218472     0.0072841203     0.0222479201
----------------------------------------------
dEdl = -1.1530203144731659

WARN: Even tempered Gaussians are generated as DF auxbasis for  F0 C H N


WARN: len(magmom) != natm. Set magmom to zero

---------------------------------------------
ASPC: predict using 4 points
 B(4) = -0.2
 B(3) = 1.2
 B(2) = -2.8
 B(1) = 2.8
Wall Time: 0.0013298988342285156 s
---------------------------------------------
2545 MM charges see directly QM density
converged SCF energy = -64.1643937878895
--------------- QMMMDFRKS gradients ---------------
         x                y                z
0 F0    -0.0174815349     0.0032110497     0.0035668683
1 C    -0.0055672350    -0.0020367726     0.0226119671
2 H     0.0214408205     0.0163812218    -0.0262685110
3 H     0.0030072727    -0.0252393970    -0.0074160811
4 C     0.0103942904     0.0284584294    -0.0002846166
5 H    -0.0168969360    -0.0102907804     0.0113713944
6 H     0.0024153385    -0.0034864718    -0.0017419513
7 C    -0.0092842082    -0.0189979429     0.0298943492
8 H     0.0105021197    -0.0062819927     0.0016363417
9 H    -0.0015989759     0.0167118500    -0.0009255850
10 C     0.0057219130    -0.0170274451    -0.0573463185
11 H     0.0106383849    -0.0241860532    -0.0043343674
12 H     0.0018210230    -0.0083060679     0.0024364724
13 N    -0.0318138820     0.0743622647     0.0269753762
14 H     0.0115076258     0.0064055703    -0.0134128605
15 H    -0.0039343585    -0.0235826004     0.0037099821
16 X-H     0.0080117050     0.0041307302     0.0155230023
----------------------------------------------
dEdl = -1.1493398140311262

WARN: Even tempered Gaussians are generated as DF auxbasis for  F0 C H N


WARN: len(magmom) != natm. Set magmom to zero

---------------------------------------------
ASPC: predict using 4 points
 B(4) = -0.2
 B(3) = 1.2
 B(2) = -2.8
 B(1) = 2.8
Wall Time: 0.0003211498260498047 s
---------------------------------------------
2548 MM charges see directly QM density
converged SCF energy = -64.1675618066955
--------------- QMMMDFRKS gradients ---------------
         x                y                z
0 F0    -0.0128444746    -0.0011199246     0.0085599862
1 C    -0.0018642412    -0.0058351444     0.0031588863
2 H     0.0212319184     0.0175498332    -0.0231749749
3 H    -0.0035627575    -0.0168978351     0.0035724829
4 C    -0.0088908422     0.0365409221     0.0123933995
5 H    -0.0026112537    -0.0106577879     0.0044783448
6 H     0.0033195495    -0.0119533247    -0.0050829365
7 C    -0.0096019669    -0.0219556709     0.0268747329
8 H     0.0169703703    -0.0046284718     0.0006167686
9 H    -0.0026333957     0.0178319138    -0.0004296171
10 C    -0.0019856902    -0.0198766672    -0.0458257018
11 H     0.0102697743    -0.0232637264    -0.0062747097
12 H     0.0091202387    -0.0055487693    -0.0032108931
13 N     0.0021177657     0.0826423048     0.0071543055
14 H    -0.0148857270    -0.0033066371     0.0095269321
15 H    -0.0031186852    -0.0193474608     0.0054338397
16 X-H    -0.0004426350     0.0009176472     0.0095412712
----------------------------------------------
dEdl = -1.1463756892782424

WARN: Even tempered Gaussians are generated as DF auxbasis for  F0 C H N


WARN: len(magmom) != natm. Set magmom to zero

---------------------------------------------
ASPC: predict using 4 points
 B(4) = -0.2
 B(3) = 1.2
 B(2) = -2.8
 B(1) = 2.8
Wall Time: 0.0003342628479003906 s
---------------------------------------------
istep = 6 rcut_hcore = 34.015067794420624
2548 MM charges see directly QM density
converged SCF energy = -64.1691291819904
--------------- QMMMDFRKS gradients ---------------
         x                y                z
0 F0    -0.0088210398    -0.0050093473     0.0121022496
1 C     0.0071932632    -0.0045772943    -0.0175768217
2 H     0.0151595726     0.0133522004    -0.0146460022
3 H    -0.0089366719    -0.0084121409     0.0127378485
4 C    -0.0300424702     0.0370899604     0.0259321543
5 H     0.0154573821    -0.0087472943    -0.0050671342
6 H     0.0025178361    -0.0154909200    -0.0073738775
7 C    -0.0091371820    -0.0192939971     0.0225407293
8 H     0.0196338823    -0.0030325733     0.0005302730
9 H    -0.0019761155     0.0134526550    -0.0006065498
10 C    -0.0067594447    -0.0242792749    -0.0314560146
11 H     0.0087035780    -0.0190036524    -0.0098263791
12 H     0.0157667940    -0.0027147692    -0.0086499898
13 N     0.0290501573     0.0773026864    -0.0070394520
14 H    -0.0371231932    -0.0123808621     0.0284665802
15 H    -0.0034518594    -0.0067164571     0.0029745929
16 X-H    -0.0047445828     0.0000524249     0.0057486551
----------------------------------------------
dEdl = -1.1414673035321725

WARN: Even tempered Gaussians are generated as DF auxbasis for  F0 C H N


WARN: len(magmom) != natm. Set magmom to zero

---------------------------------------------
ASPC: predict using 4 points
 B(4) = -0.2
 B(3) = 1.2
 B(2) = -2.8
 B(1) = 2.8
Wall Time: 0.0009844303131103516 s
---------------------------------------------
2548 MM charges see directly QM density
converged SCF energy = -64.1706945564123
--------------- QMMMDFRKS gradients ---------------
         x                y                z
0 F0    -0.0057877194    -0.0081754710     0.0146731390
1 C     0.0203593692     0.0014707250    -0.0369776990
2 H     0.0032495951     0.0045065817    -0.0018861294
3 H    -0.0113935329    -0.0013133709     0.0179313510
4 C    -0.0484699858     0.0314033598     0.0359271953
5 H     0.0320985984    -0.0062548029    -0.0142053268
6 H     0.0001266178    -0.0127525829    -0.0076353989
7 C    -0.0053896972    -0.0136390870     0.0178740652
8 H     0.0176721461    -0.0015134885     0.0016315080
9 H    -0.0003756529     0.0059497638    -0.0014683673
10 C    -0.0069845787    -0.0292519089    -0.0168859584
11 H     0.0055189271    -0.0113408448    -0.0146949605
12 H     0.0188150642    -0.0006374734    -0.0123570095
13 N     0.0305479106     0.0517695556    -0.0014949400
14 H    -0.0344863870    -0.0113608015     0.0294426270
15 H    -0.0058650410     0.0116752873    -0.0041447622
16 X-H    -0.0054383568     0.0011850287     0.0043469060
----------------------------------------------
dEdl = -1.1356701708440973

WARN: Even tempered Gaussians are generated as DF auxbasis for  F0 C H N


WARN: len(magmom) != natm. Set magmom to zero

---------------------------------------------
ASPC: predict using 4 points
 B(4) = -0.2
 B(3) = 1.2
 B(2) = -2.8
 B(1) = 2.8
Wall Time: 0.0003914833068847656 s
---------------------------------------------
2549 MM charges see directly QM density
converged SCF energy = -64.1710362932317
--------------- QMMMDFRKS gradients ---------------
         x                y                z
0 F0    -0.0033669748    -0.0111105848     0.0168725726
1 C     0.0338135473     0.0123601037    -0.0541771504
2 H    -0.0127111055    -0.0077748623     0.0136454347
3 H    -0.0100691483     0.0040358155     0.0191103164
4 C    -0.0524663249     0.0229547630     0.0355059680
5 H     0.0360066577    -0.0061328774    -0.0155317131
6 H    -0.0032926450    -0.0045961491    -0.0063784325
7 C     0.0002070823    -0.0063565926     0.0125134501
8 H     0.0120291572    -0.0001224673     0.0035566013
9 H     0.0021885125    -0.0035356929    -0.0028020012
10 C    -0.0031128356    -0.0315288823    -0.0040219427
11 H     0.0017509137    -0.0029210345    -0.0180622696
12 H     0.0179793103     0.0000613903    -0.0145239532
13 N     0.0081468533     0.0159271052     0.0166811186
14 H    -0.0098896236    -0.0006523579     0.0167078181
15 H    -0.0080951975     0.0283785851    -0.0121884949
16 X-H    -0.0033463560     0.0026067397     0.0039430053
----------------------------------------------
dEdl = -1.1316283616014897

WARN: Even tempered Gaussians are generated as DF auxbasis for  F0 C H N


WARN: len(magmom) != natm. Set magmom to zero

---------------------------------------------
ASPC: predict using 4 points
 B(4) = -0.2
 B(3) = 1.2
 B(2) = -2.8
 B(1) = 2.8
Wall Time: 0.0003025531768798828 s
---------------------------------------------
2549 MM charges see directly QM density
converged SCF energy = -64.1690381950456
--------------- QMMMDFRKS gradients ---------------
         x                y                z
0 F0    -0.0015930864    -0.0135589310     0.0185405917
1 C     0.0418751052     0.0241490640    -0.0627566434
2 H    -0.0269043733    -0.0184576348     0.0265526582
3 H    -0.0052509500     0.0055342751     0.0146718689
4 C    -0.0399535663     0.0149170498     0.0238821749
5 H     0.0244567938    -0.0092986303    -0.0070096147
6 H    -0.0070836498     0.0074944652    -0.0039681676
7 C     0.0121373727    -0.0014905890     0.0059289972
8 H     0.0003519242     0.0010460392     0.0069045885
9 H     0.0045099964    -0.0104032769    -0.0036628621
10 C     0.0045626743    -0.0275518741     0.0009118030
11 H    -0.0011820211     0.0016677913    -0.0163718419
12 H     0.0109648553    -0.0011078598    -0.0141928435
13 N    -0.0214089172    -0.0079340294     0.0263632009
14 H     0.0165796583     0.0117942475     0.0026054280
15 H    -0.0059214522     0.0308347315    -0.0118944205
16 X-H     0.0005714031     0.0037994798     0.0043290586
----------------------------------------------
dEdl = -1.1318852428022521

WARN: Even tempered Gaussians are generated as DF auxbasis for  F0 C H N


WARN: len(magmom) != natm. Set magmom to zero

---------------------------------------------
ASPC: predict using 4 points
 B(4) = -0.2
 B(3) = 1.2
 B(2) = -2.8
 B(1) = 2.8
Wall Time: 0.0002994537353515625 s
---------------------------------------------
2548 MM charges see directly QM density
converged SCF energy = -64.1659357792287
--------------- QMMMDFRKS gradients ---------------
         x                y                z
0 F0    -0.0005415348    -0.0153540096     0.0197689010
1 C     0.0352294244     0.0279744682    -0.0539207266
2 H    -0.0298354986    -0.0169887132     0.0292325119
3 H     0.0034853280     0.0016074362     0.0037121824
4 C    -0.0222777040     0.0076733338     0.0079376190
5 H     0.0070803732    -0.0126767060     0.0051978476
6 H    -0.0097964544     0.0192659093    -0.0015384704
7 C     0.0209060437     0.0018502380     0.0006204215
8 H    -0.0086393057     0.0020652214     0.0092406226
9 H     0.0063262789    -0.0156488948    -0.0047404323
10 C     0.0126070296    -0.0217592456     0.0027269125
11 H    -0.0036418041     0.0056753933    -0.0126313687
12 H     0.0023847938    -0.0024548118    -0.0124498129
13 N    -0.0433898423    -0.0140779001     0.0220523317
14 H     0.0317182299     0.0188304009    -0.0053849655
15 H     0.0015430325     0.0213769773    -0.0037970122
16 X-H     0.0039579363     0.0039526092     0.0041235288
----------------------------------------------
dEdl = -1.1338450294494187

WARN: Even tempered Gaussians are generated as DF auxbasis for  F0 C H N


WARN: len(magmom) != natm. Set magmom to zero

---------------------------------------------
ASPC: predict using 4 points
 B(4) = -0.2
 B(3) = 1.2
 B(2) = -2.8
 B(1) = 2.8
Wall Time: 0.0003104209899902344 s
---------------------------------------------
istep = 11 rcut_hcore = 34.015067794420624
2542 MM charges see directly QM density
converged SCF energy = -64.1637394676791
--------------- QMMMDFRKS gradients ---------------
         x                y                z
0 F0    -0.0001008937    -0.0162918224     0.0204179875
1 C     0.0188627695     0.0211953271    -0.0340239863
2 H    -0.0219423210    -0.0042759393     0.0222000817
3 H     0.0116777682    -0.0042176273    -0.0076810134
4 C    -0.0080318182     0.0022113726    -0.0060389063
5 H    -0.0082760039    -0.0139289584     0.0159489604
6 H    -0.0100819541     0.0264181646     0.0000507975
7 C     0.0277697656     0.0017090069    -0.0052952609
8 H    -0.0152531557     0.0024950187     0.0113800295
9 H     0.0063417867    -0.0158076490    -0.0052291095
10 C     0.0174739124    -0.0128653838     0.0010461374
11 H    -0.0042656774     0.0055324044    -0.0055702828
12 H    -0.0054944200    -0.0031217529    -0.0103501292
13 N    -0.0520131508    -0.0072002511     0.0121455093
14 H     0.0351088481     0.0204876832    -0.0082065263
15 H     0.0108029027     0.0069563471     0.0072946300
16 X-H     0.0045107709     0.0022055468     0.0008851986
----------------------------------------------
dEdl = -1.132195335570858

WARN: Even tempered Gaussians are generated as DF auxbasis for  F0 C H N


WARN: len(magmom) != natm. Set magmom to zero

---------------------------------------------
ASPC: predict using 4 points
 B(4) = -0.2
 B(3) = 1.2
 B(2) = -2.8
 B(1) = 2.8
Wall Time: 0.00030732154846191406 s
---------------------------------------------
2542 MM charges see directly QM density
converged SCF energy = -64.1635589064216
--------------- QMMMDFRKS gradients ---------------
         x                y                z
0 F0     0.0002315863    -0.0167000156     0.0204899897
1 C    -0.0011475370     0.0090367680    -0.0088977432
2 H    -0.0080723197     0.0139052149     0.0094491842
3 H     0.0181134691    -0.0103461003    -0.0174840764
4 C    -0.0024582129     0.0007474329    -0.0145876755
5 H    -0.0178286903    -0.0127044470     0.0224304412
6 H    -0.0074652216     0.0258693143    -0.0001628685
7 C     0.0301006993    -0.0048147211    -0.0090760266
8 H    -0.0161442508     0.0033463694     0.0110214808
9 H     0.0040879487    -0.0092620867    -0.0048752553
10 C     0.0185109731    -0.0009855271    -0.0027259346
11 H    -0.0035148073     0.0007513262     0.0040697493
12 H    -0.0117276058    -0.0022592527    -0.0083425139
13 N    -0.0430008372     0.0046412932     0.0025603735
14 H     0.0273774498     0.0157620068    -0.0057140099
15 H     0.0165540364    -0.0039481835     0.0138550735
16 X-H     0.0030397941    -0.0016627187    -0.0042100151
----------------------------------------------
dEdl = -1.1252926558841383

WARN: Even tempered Gaussians are generated as DF auxbasis for  F0 C H N


WARN: len(magmom) != natm. Set magmom to zero

---------------------------------------------
ASPC: predict using 4 points
 B(4) = -0.2
 B(3) = 1.2
 B(2) = -2.8
 B(1) = 2.8
Wall Time: 0.0003287792205810547 s
---------------------------------------------
2540 MM charges see directly QM density
converged SCF energy = -64.1644996465446
--------------- QMMMDFRKS gradients ---------------
         x                y                z
0 F0     0.0002558123    -0.0162782908     0.0197296804
1 C    -0.0127502304    -0.0025604262     0.0073526994
2 H     0.0016279238     0.0257511858    -0.0005898690
3 H     0.0199152372    -0.0117093121    -0.0204721765
4 C    -0.0019903866     0.0044885581    -0.0173968399
5 H    -0.0229110477    -0.0098925480     0.0250729189
6 H    -0.0024734855     0.0182146347    -0.0018631338
7 C     0.0246915649    -0.0155251076    -0.0107513362
8 H    -0.0089535765     0.0045291229     0.0077886743
9 H    -0.0001275643     0.0010178486    -0.0036996466
10 C     0.0150295359     0.0101604820    -0.0054739504
11 H    -0.0028632082    -0.0039618077     0.0130583464
12 H    -0.0141174931     0.0004160026    -0.0068928532
13 N    -0.0170032652     0.0192911690    -0.0080244393
14 H     0.0072320322     0.0037770603     0.0037115831
15 H     0.0194311299    -0.0107405696     0.0154217493
16 X-H     0.0009071947    -0.0058793968    -0.0104029406
----------------------------------------------
dEdl = -1.1160634200223536

WARN: Even tempered Gaussians are generated as DF auxbasis for  F0 C H N


WARN: len(magmom) != natm. Set magmom to zero

---------------------------------------------
ASPC: predict using 4 points
 B(4) = -0.2
 B(3) = 1.2
 B(2) = -2.8
 B(1) = 2.8
Wall Time: 0.0003211498260498047 s
---------------------------------------------
2541 MM charges see directly QM density
converged SCF energy = -64.1652727803298
--------------- QMMMDFRKS gradients ---------------
         x                y                z
0 F0     0.0000537046    -0.0157100531     0.0186384943
1 C    -0.0146053436    -0.0133135485     0.0140442645
2 H     0.0065883584     0.0306754323    -0.0080657493
3 H     0.0165512223    -0.0070826523    -0.0157051334
4 C    -0.0103632780     0.0118088259    -0.0143924685
5 H    -0.0202673051    -0.0054222761     0.0225823413
6 H     0.0043835330     0.0052520114    -0.0045622635
7 C     0.0137150644    -0.0237509897    -0.0101703203
8 H     0.0019809190     0.0059877765     0.0024629898
9 H    -0.0036104574     0.0083290796    -0.0024590496
10 C     0.0067834605     0.0174619251    -0.0055835070
11 H    -0.0021297622    -0.0081958001     0.0203914888
12 H    -0.0110122892     0.0052420257    -0.0069412502
13 N     0.0163424223     0.0305610242    -0.0198069692
14 H    -0.0181736146    -0.0104724094     0.0163824168
15 H     0.0175380415    -0.0124627816     0.0128361573
16 X-H     0.0009566068    -0.0083592591    -0.0139303229
----------------------------------------------
dEdl = -1.1109188979571418

WARN: Even tempered Gaussians are generated as DF auxbasis for  F0 C H N


WARN: len(magmom) != natm. Set magmom to zero

---------------------------------------------
ASPC: predict using 4 points
 B(4) = -0.2
 B(3) = 1.2
 B(2) = -2.8
 B(1) = 2.8
Wall Time: 0.0003120899200439453 s
---------------------------------------------
2546 MM charges see directly QM density
converged SCF energy = -64.1656237227015
--------------- QMMMDFRKS gradients ---------------
         x                y                z
0 F0    -0.0000853021    -0.0152627830     0.0170733064
1 C    -0.0092420371    -0.0223345048     0.0131182341
2 H     0.0076979316     0.0297709777    -0.0123430884
3 H     0.0094423644     0.0018430149    -0.0063912496
4 C    -0.0207946299     0.0159537330    -0.0093010510
5 H    -0.0134474836    -0.0010761017     0.0173909035
6 H     0.0095581917    -0.0050742190    -0.0058512018
7 C     0.0034227378    -0.0279144260    -0.0093828726
8 H     0.0110310131     0.0070947515    -0.0028104667
9 H    -0.0061346345     0.0125920955    -0.0015615414
10 C    -0.0052328391     0.0176559520    -0.0007643855
11 H    -0.0025191530    -0.0082301708     0.0239574266
12 H    -0.0030548362     0.0118703617    -0.0084927284
13 N     0.0439645410     0.0296089913    -0.0213030147
14 H    -0.0336163496    -0.0194396269     0.0234597924
15 H     0.0107942563    -0.0072992734     0.0049523213
16 X-H     0.0017094132    -0.0102195338    -0.0161815885
----------------------------------------------
dEdl = -1.1095634801433525

WARN: Even tempered Gaussians are generated as DF auxbasis for  F0 C H N


WARN: len(magmom) != natm. Set magmom to zero

---------------------------------------------
ASPC: predict using 4 points
 B(4) = -0.2
 B(3) = 1.2
 B(2) = -2.8
 B(1) = 2.8
Wall Time: 0.00032329559326171875 s
---------------------------------------------
istep = 16 rcut_hcore = 34.015067794420624
2544 MM charges see directly QM density
converged SCF energy = -64.1661156056693
--------------- QMMMDFRKS gradients ---------------
         x                y                z
0 F0    -0.0001980480    -0.0147735260     0.0147747603
1 C    -0.0003724024    -0.0255462899     0.0096665195
2 H     0.0063041624     0.0236420499    -0.0141328923
3 H     0.0012252284     0.0105616636     0.0034949280
4 C    -0.0316383882     0.0138918230    -0.0028806515
5 H    -0.0030613432     0.0027494334     0.0094894389
6 H     0.0120257968    -0.0090439118    -0.0053585547
7 C    -0.0043038894    -0.0263225535    -0.0099623958
8 H     0.0158134853     0.0072928074    -0.0063676506
9 H    -0.0070845383     0.0120735722    -0.0009709422
10 C    -0.0162941818     0.0117775100     0.0075639146
11 H    -0.0043283583    -0.0033918441     0.0235205716
12 H     0.0062467138     0.0183075208    -0.0106270752
13 N     0.0522557759     0.0146742795    -0.0091029231
14 H    -0.0309065404    -0.0181322082     0.0175087044
15 H     0.0016279618     0.0015137754    -0.0049016725
16 X-H     0.0046796497    -0.0109620149    -0.0160907467
----------------------------------------------
dEdl = -1.1111958621927858

WARN: Even tempered Gaussians are generated as DF auxbasis for  F0 C H N


WARN: len(magmom) != natm. Set magmom to zero

---------------------------------------------
ASPC: predict using 4 points
 B(4) = -0.2
 B(3) = 1.2
 B(2) = -2.8
 B(1) = 2.8
Wall Time: 0.0003077983856201172 s
---------------------------------------------
2544 MM charges see directly QM density
converged SCF energy = -64.1663973305969
--------------- QMMMDFRKS gradients ---------------
         x                y                z
0 F0    -0.0003550341    -0.0140521456     0.0121997814
1 C     0.0113189902    -0.0214169917     0.0021564296
2 H     0.0003813876     0.0119326670    -0.0106564373
3 H    -0.0060415061     0.0172869931     0.0121193028
4 C    -0.0399146985     0.0095028745     0.0031355811
5 H     0.0087336930     0.0052618963     0.0007617648
6 H     0.0122242366    -0.0093269206    -0.0035903122
7 C    -0.0116121476    -0.0197197761    -0.0112607896
8 H     0.0169829695     0.0064618953    -0.0081626598
9 H    -0.0061871911     0.0077182488    -0.0010631984
10 C    -0.0212694446     0.0025945242     0.0179201735
11 H    -0.0070215693     0.0069358602     0.0185771457
12 H     0.0122920848     0.0215752690    -0.0112603037
13 N     0.0401769217    -0.0123608592     0.0108465106
14 H    -0.0130972644    -0.0084662122    -0.0001695109
15 H    -0.0074786400     0.0120240365    -0.0151368202
16 X-H     0.0110258413    -0.0086900422    -0.0106699052
----------------------------------------------
dEdl = -1.1167559715360598
