# column   1     --> step : The current simulation time step.
# column   2     --> time{femtosecond} : The elapsed simulation time.
# column   3     --> conserved : The value of the conserved energy quantity per bead.
# column   4     --> potential : The physical system potential energy.
# column   5     --> kinetic_cv : The centroid-virial quantum kinetic energy of the physical system.
# column   6     --> pressure_cv : The quantum estimator for pressure of the physical system.
# column   7     --> volume : The volume of the cell box.
# column   8     --> temperature{kelvin} : The current temperature, as obtained from the MD kinetic energy.
# column   9     --> kinetic_md : The kinetic energy of the (extended) classical system.
# column  10     --> pressure_md : The pressure of the (extended) classical system.
    0.00000000e+00     0.00000000e+00    -1.05709170e+02    -1.21436106e+02     1.57702659e+01     2.16242833e-06     7.21686160e+05     2.97356012e+02     1.57268526e+01     2.16242833e-06   
    1.00000000e+00     1.00000000e+00    -1.05720526e+02    -1.21532489e+02     1.57702659e+01     2.22648114e-06     7.21686160e+05     2.98693459e+02     1.57975952e+01     2.22648114e-06   
    2.00000000e+00     2.00000000e+00    -1.05715682e+02    -1.21470965e+02     1.57702659e+01     1.26882681e-06     7.21686160e+05     2.97311293e+02     1.57244872e+01     1.26882681e-06   
    3.00000000e+00     3.00000000e+00    -1.05703873e+02    -1.21346329e+02     1.57702659e+01    -1.75731873e-07     7.21686160e+05     2.95060151e+02     1.56054160e+01    -1.75731873e-07   
    4.00000000e+00     4.00000000e+00    -1.05701634e+02    -1.21315100e+02     1.57702659e+01    -1.63743486e-06     7.21686160e+05     2.94835174e+02     1.55935161e+01    -1.63743486e-06   
    5.00000000e+00     5.00000000e+00    -1.05711108e+02    -1.21404495e+02     1.57702659e+01    -2.40793872e-06     7.21686160e+05     2.97144232e+02     1.57156507e+01    -2.40793872e-06   
    6.00000000e+00     6.00000000e+00    -1.05718838e+02    -1.21483360e+02     1.57702659e+01    -2.35291524e-06     7.21686160e+05     2.98061857e+02     1.57641874e+01    -2.35291524e-06   
    7.00000000e+00     7.00000000e+00    -1.05712925e+02    -1.21438477e+02     1.57702659e+01    -1.71935592e-06     7.21686160e+05     2.97741338e+02     1.57472339e+01    -1.71935592e-06   
    8.00000000e+00     8.00000000e+00    -1.05701060e+02    -1.21339000e+02     1.57702659e+01    -7.00645249e-07     7.21686160e+05     2.95442802e+02     1.56256558e+01    -7.00645249e-07   
    9.00000000e+00     9.00000000e+00    -1.05702092e+02    -1.21365917e+02     1.57702659e+01     5.16105898e-07     7.21686160e+05     2.95969128e+02     1.56534951e+01     5.16105898e-07   
    1.00000000e+01     1.00000000e+01    -1.05715304e+02    -1.21506557e+02     1.57702659e+01     1.28556195e-06     7.21686160e+05     2.98051491e+02     1.57636391e+01     1.28556195e-06   
    1.10000000e+01     1.10000000e+01    -1.05721979e+02    -1.21575290e+02     1.57702659e+01     1.31786298e-06     7.21686160e+05     2.99795015e+02     1.58558606e+01     1.31786298e-06   
    1.20000000e+01     1.20000000e+01    -1.05711286e+02    -1.21466725e+02     1.57702659e+01     6.25779590e-07     7.21686160e+05     2.98545765e+02     1.57897831e+01     6.25779590e-07   
    1.30000000e+01     1.30000000e+01    -1.05698010e+02    -1.21321376e+02     1.57702659e+01    -8.55699513e-07     7.21686160e+05     2.95534716e+02     1.56305175e+01    -8.55699513e-07   
    1.40000000e+01     1.40000000e+01    -1.05701721e+02    -1.21337114e+02     1.57702659e+01    -1.99059194e-06     7.21686160e+05     2.95674985e+02     1.56379368e+01    -1.99059194e-06   
    1.50000000e+01     1.50000000e+01    -1.05717615e+02    -1.21472294e+02     1.57702659e+01    -2.50928278e-06     7.21686160e+05     2.97630099e+02     1.57413501e+01    -2.50928278e-06   
    1.60000000e+01     1.60000000e+01    -1.05721265e+02    -1.21489069e+02     1.57702659e+01    -2.30043940e-06     7.21686160e+05     2.97996436e+02     1.57607270e+01    -2.30043940e-06   
    1.70000000e+01     1.70000000e+01    -1.05707021e+02    -1.21334075e+02     1.57702659e+01    -1.88916649e-06     7.21686160e+05     2.95556922e+02     1.56316920e+01    -1.88916649e-06   
    1.80000000e+01     1.80000000e+01    -1.05693303e+02    -1.21194226e+02     1.57702659e+01    -9.68732332e-07     7.21686160e+05     2.93692752e+02     1.55330891e+01    -9.68732332e-07   
    1.90000000e+01     1.90000000e+01    -1.05698245e+02    -1.21247235e+02     1.57702659e+01     1.38918216e-07     7.21686160e+05     2.94403849e+02     1.55707017e+01     1.38918216e-07   
    2.00000000e+01     2.00000000e+01    -1.05715590e+02    -1.21428463e+02     1.57702659e+01     9.48098078e-07     7.21686160e+05     2.97755992e+02     1.57480090e+01     9.48098078e-07   
