# column   1     --> step : The current simulation time step.
# column   2     --> time{femtosecond} : The elapsed simulation time.
# column   3     --> conserved : The value of the conserved energy quantity per bead.
# column   4     --> potential : The physical system potential energy.
# column   5     --> kinetic_cv : The centroid-virial quantum kinetic energy of the physical system.
# column   6     --> pressure_cv : The quantum estimator for pressure of the physical system.
# column   7     --> volume : The volume of the cell box.
# column   8     --> temperature{kelvin} : The current temperature, as obtained from the MD kinetic energy.
# column   9     --> kinetic_md : The kinetic energy of the (extended) classical system.
# column  10     --> pressure_md : The pressure of the (extended) classical system.
    0.00000000e+00     0.00000000e+00    -1.55765860e+02    -1.55787960e+02     2.06259424e-02     2.15687290e-12     6.74833423e+09     3.50453192e+02     2.18329488e-02     2.15687290e-12   
    1.00000000e+00     5.00000000e-01    -1.55765823e+02    -1.55785370e+02     2.06259424e-02     1.93508556e-12     6.74833423e+09     3.16694735e+02     1.95879061e-02     1.93508556e-12   
    2.00000000e+00     1.00000000e+00    -1.55765797e+02    -1.55783137e+02     2.06259424e-02     1.72745395e-12     6.74833423e+09     2.85090936e+02     1.74861549e-02     1.72745395e-12   
    3.00000000e+00     1.50000000e+00    -1.55765784e+02    -1.55781572e+02     2.06259424e-02     1.51945852e-12     6.74833423e+09     2.53431760e+02     1.53807209e-02     1.51945852e-12   
    4.00000000e+00     2.00000000e+00    -1.55765786e+02    -1.55781037e+02     2.06259424e-02     1.57972398e-12     6.74833423e+09     2.62604820e+02     1.59907581e-02     1.57972398e-12   
    5.00000000e+00     2.50000000e+00    -1.55765800e+02    -1.55781463e+02     2.06259424e-02     1.66968033e-12     6.74833423e+09     2.76297161e+02     1.69013414e-02     1.66968033e-12   
    6.00000000e+00     3.00000000e+00    -1.55765826e+02    -1.55782662e+02     2.06259424e-02     1.81471769e-12     6.74833423e+09     2.98373431e+02     1.83694823e-02     1.81471769e-12   
    7.00000000e+00     3.50000000e+00    -1.55765853e+02    -1.55783902e+02     2.06259424e-02     1.84115218e-12     6.74833423e+09     3.02397049e+02     1.86370654e-02     1.84115218e-12   
    8.00000000e+00     4.00000000e+00    -1.55765883e+02    -1.55784956e+02     2.06259424e-02     2.04082726e-12     6.74833423e+09     3.32789779e+02     2.06582767e-02     2.04082726e-12   
    9.00000000e+00     4.50000000e+00    -1.55765911e+02    -1.55785606e+02     2.06259424e-02     2.02030980e-12     6.74833423e+09     3.29666796e+02     2.04505886e-02     2.02030980e-12   
    1.00000000e+01     5.00000000e+00    -1.55765922e+02    -1.55785394e+02     2.06259424e-02     1.91673928e-12     6.74833423e+09     3.13902231e+02     1.94021959e-02     1.91673928e-12   
