# column   1     --> step : The current simulation time step.
# column   2     --> time{femtosecond} : The elapsed simulation time.
# column   3     --> conserved : The value of the conserved energy quantity per bead.
# column   4     --> potential : The physical system potential energy.
# column   5     --> kinetic_cv : The centroid-virial quantum kinetic energy of the physical system.
# column   6     --> pressure_cv : The quantum estimator for pressure of the physical system.
# column   7     --> volume : The volume of the cell box.
# column   8     --> temperature{kelvin} : The current temperature, as obtained from the MD kinetic energy.
# column   9     --> kinetic_md : The kinetic energy of the (extended) classical system.
# column  10     --> pressure_md : The pressure of the (extended) classical system.
    0.00000000e+00     0.00000000e+00    -7.62003875e+01    -7.62072984e+01     5.89312641e-03     3.89318370e-13     6.74833423e+09     2.84942284e+02     3.94087573e-03     3.89318370e-13   
    1.00000000e+00     5.00000000e-01    -7.62003910e+01    -7.62071745e+01     5.89312641e-03     3.98156888e-13     6.74833423e+09     2.89650900e+02     4.03034364e-03     3.98156888e-13   
    2.00000000e+00     1.00000000e+00    -7.62003923e+01    -7.62069973e+01     5.89312641e-03     3.77730233e-13     6.74833423e+09     2.78768840e+02     3.82357479e-03     3.77730233e-13   
    3.00000000e+00     1.50000000e+00    -7.62003890e+01    -7.62066598e+01     5.89312641e-03     3.48076767e-13     6.74833423e+09     2.62971304e+02     3.52340754e-03     3.48076767e-13   
    4.00000000e+00     2.00000000e+00    -7.62003846e+01    -7.62062491e+01     5.89312641e-03     3.31828847e-13     6.74833423e+09     2.54315416e+02     3.35893795e-03     3.31828847e-13   
    5.00000000e+00     2.50000000e+00    -7.62003813e+01    -7.62058187e+01     5.89312641e-03     3.21586096e-13     6.74833423e+09     2.48858711e+02     3.25525569e-03     3.21586096e-13   
    6.00000000e+00     3.00000000e+00    -7.62003799e+01    -7.62054934e+01     5.89312641e-03     3.37950427e-13     6.74833423e+09     2.57576616e+02     3.42090366e-03     3.37950427e-13   
    7.00000000e+00     3.50000000e+00    -7.62003787e+01    -7.62052059e+01     5.89312641e-03     2.99459555e-13     6.74833423e+09     2.37071057e+02     3.03127975e-03     2.99459555e-13   
    8.00000000e+00     4.00000000e+00    -7.62003811e+01    -7.62050678e+01     5.89312641e-03     2.89811691e-13     6.74833423e+09     2.31931270e+02     2.93361923e-03     2.89811691e-13   
    9.00000000e+00     4.50000000e+00    -7.62003851e+01    -7.62050087e+01     5.89312641e-03     2.73755275e-13     6.74833423e+09     2.23377404e+02     2.77108814e-03     2.73755275e-13   
    1.00000000e+01     5.00000000e+00    -7.62003893e+01    -7.62049868e+01     5.89312641e-03     2.95468715e-13     6.74833423e+09     2.34944984e+02     2.99088247e-03     2.95468715e-13   
